Determining if the pthread_create exist failed with the following output:
Change Dir: /home/andyser/code/subt_related/pcl/catkin_ws/build/CMakeFiles/CMakeTmp

Run Build Command:"/usr/bin/make" "cmTC_71058/fast"
/usr/bin/make -f CMakeFiles/cmTC_71058.dir/build.make CMakeFiles/cmTC_71058.dir/build
make[1]: Entering directory '/home/andyser/code/subt_related/pcl/catkin_ws/build/CMakeFiles/CMakeTmp'
Building C object CMakeFiles/cmTC_71058.dir/CheckSymbolExists.c.o
/usr/bin/cc     -o CMakeFiles/cmTC_71058.dir/CheckSymbolExists.c.o   -c /home/andyser/code/subt_related/pcl/catkin_ws/build/CMakeFiles/CMakeTmp/CheckSymbolExists.c
Linking C executable cmTC_71058
/usr/bin/cmake -E cmake_link_script CMakeFiles/cmTC_71058.dir/link.txt --verbose=1
/usr/bin/cc       CMakeFiles/cmTC_71058.dir/CheckSymbolExists.c.o  -o cmTC_71058 -rdynamic 
CMakeFiles/cmTC_71058.dir/CheckSymbolExists.c.o: In function `main':
CheckSymbolExists.c:(.text+0x16): undefined reference to `pthread_create'
collect2: error: ld returned 1 exit status
CMakeFiles/cmTC_71058.dir/build.make:97: recipe for target 'cmTC_71058' failed
make[1]: *** [cmTC_71058] Error 1
make[1]: Leaving directory '/home/andyser/code/subt_related/pcl/catkin_ws/build/CMakeFiles/CMakeTmp'
Makefile:126: recipe for target 'cmTC_71058/fast' failed
make: *** [cmTC_71058/fast] Error 2

File /home/andyser/code/subt_related/pcl/catkin_ws/build/CMakeFiles/CMakeTmp/CheckSymbolExists.c:
/* */
#include <pthread.h>

int main(int argc, char** argv)
{
  (void)argv;
#ifndef pthread_create
  return ((int*)(&pthread_create))[argc];
#else
  (void)argc;
  return 0;
#endif
}

Determining if the function pthread_create exists in the pthreads failed with the following output:
Change Dir: /home/andyser/code/subt_related/pcl/catkin_ws/build/CMakeFiles/CMakeTmp

Run Build Command:"/usr/bin/make" "cmTC_ab327/fast"
/usr/bin/make -f CMakeFiles/cmTC_ab327.dir/build.make CMakeFiles/cmTC_ab327.dir/build
make[1]: Entering directory '/home/andyser/code/subt_related/pcl/catkin_ws/build/CMakeFiles/CMakeTmp'
Building C object CMakeFiles/cmTC_ab327.dir/CheckFunctionExists.c.o
/usr/bin/cc    -DCHECK_FUNCTION_EXISTS=pthread_create   -o CMakeFiles/cmTC_ab327.dir/CheckFunctionExists.c.o   -c /usr/share/cmake-3.5/Modules/CheckFunctionExists.c
Linking C executable cmTC_ab327
/usr/bin/cmake -E cmake_link_script CMakeFiles/cmTC_ab327.dir/link.txt --verbose=1
/usr/bin/cc   -DCHECK_FUNCTION_EXISTS=pthread_create    CMakeFiles/cmTC_ab327.dir/CheckFunctionExists.c.o  -o cmTC_ab327 -rdynamic -lpthreads 
/usr/bin/ld: cannot find -lpthreads
collect2: error: ld returned 1 exit status
CMakeFiles/cmTC_ab327.dir/build.make:97: recipe for target 'cmTC_ab327' failed
make[1]: *** [cmTC_ab327] Error 1
make[1]: Leaving directory '/home/andyser/code/subt_related/pcl/catkin_ws/build/CMakeFiles/CMakeTmp'
Makefile:126: recipe for target 'cmTC_ab327/fast' failed
make: *** [cmTC_ab327/fast] Error 2


